[debug] [2021-06-25T03:42:36.971Z] ----------------------------------------------------------------------
[debug] [2021-06-25T03:42:36.974Z] Command:       C:\Program Files\nodejs\node.exe C:\Users\Hub_2\AppData\Roaming\npm\node_modules\firebase-tools\lib\bin\firebase.js init
[debug] [2021-06-25T03:42:36.974Z] CLI Version:   9.14.0
[debug] [2021-06-25T03:42:36.974Z] Platform:      win32
[debug] [2021-06-25T03:42:36.974Z] Node Version:  v14.15.4
[debug] [2021-06-25T03:42:36.975Z] Time:          Fri Jun 25 2021 00:42:36 GMT-0300 (Horário Padrão de Brasília)
[debug] [2021-06-25T03:42:36.975Z] ----------------------------------------------------------------------
[debug] 
[debug] [2021-06-25T03:42:36.982Z] > command requires scopes: ["email","openid","https://www.googleapis.com/auth/cloudplatformprojects.readonly","https://www.googleapis.com/auth/firebase","https://www.googleapis.com/auth/cloud-platform"]
[debug] [2021-06-25T03:42:36.982Z] > authorizing via signed-in user (maximoskiller@gmail.com)
[info] 
     ######## #### ########  ######## ########     ###     ######  ########
     ##        ##  ##     ## ##       ##     ##  ##   ##  ##       ##
     ######    ##  ########  ######   ########  #########  ######  ######
     ##        ##  ##    ##  ##       ##     ## ##     ##       ## ##
     ##       #### ##     ## ######## ########  ##     ##  ######  ########

You're about to initialize a Firebase project in this directory:

  C:\Users\Hub_2\Desktop\letmeask

[info] 
=== Project Setup
[info] 
[info] First, let's associate this project directory with a Firebase project.
[info] You can create multiple project aliases by running firebase use --add, 
[info] but for now we'll just set up a default project.
[info] 
[debug] [2021-06-25T03:43:32.418Z] >>> [apiv2][query] GET https://firebase.googleapis.com/v1beta1/projects pageSize=100
[debug] [2021-06-25T03:43:33.591Z] <<< [apiv2][status] GET https://firebase.googleapis.com/v1beta1/projects 200
[debug] [2021-06-25T03:43:33.592Z] <<< [apiv2][body] GET https://firebase.googleapis.com/v1beta1/projects [omitted]
[info] i  Using project let-me-ask-d2ef1 (Let me ask) 
[info] 
=== Database Setup
[info] i  database: ensuring required API firebasedatabase.googleapis.com is enabled... 
[debug] [2021-06-25T03:43:35.019Z] > refreshing access token with scopes: ["email","https://www.googleapis.com/auth/cloud-platform","https://www.googleapis.com/auth/cloudplatformprojects.readonly","https://www.googleapis.com/auth/firebase","openid"]
[debug] [2021-06-25T03:43:35.019Z] >>> HTTP REQUEST POST https://www.googleapis.com/oauth2/v3/token  
 <request body omitted>
[debug] [2021-06-25T03:43:35.226Z] <<< HTTP RESPONSE 200 {"date":"Fri, 25 Jun 2021 03:43:35 GMT","expires":"Mon, 01 Jan 1990 00:00:00 GMT","cache-control":"no-cache, no-store, max-age=0, must-revalidate","pragma":"no-cache","content-type":"application/json; charset=utf-8","vary":"X-Origin, Referer, Origin,Accept-Encoding","server":"scaffolding on HTTPServer2","x-xss-protection":"0","x-frame-options":"SAMEORIGIN","x-content-type-options":"nosniff","alt-svc":"h3=\":443\"; ma=2592000,h3-29=\":443\"; ma=2592000,h3-T051=\":443\"; ma=2592000,h3-Q050=\":443\"; ma=2592000,h3-Q046=\":443\"; ma=2592000,h3-Q043=\":443\"; ma=2592000,quic=\":443\"; ma=2592000; v=\"46,43\"","accept-ranges":"none","transfer-encoding":"chunked"}
[debug] [2021-06-25T03:43:35.238Z] >>> HTTP REQUEST GET https://serviceusage.googleapis.com/v1/projects/let-me-ask-d2ef1/services/firebasedatabase.googleapis.com  
 
[debug] [2021-06-25T03:43:36.445Z] <<< HTTP RESPONSE 200 {"content-type":"application/json; charset=UTF-8","vary":"X-Origin, Referer, Origin,Accept-Encoding","date":"Fri, 25 Jun 2021 03:43:36 GMT","server":"ESF","cache-control":"private","x-xss-protection":"0","x-frame-options":"SAMEORIGIN","x-content-type-options":"nosniff","alt-svc":"h3=\":443\"; ma=2592000,h3-29=\":443\"; ma=2592000,h3-T051=\":443\"; ma=2592000,h3-Q050=\":443\"; ma=2592000,h3-Q046=\":443\"; ma=2592000,h3-Q043=\":443\"; ma=2592000,quic=\":443\"; ma=2592000; v=\"46,43\"","accept-ranges":"none","transfer-encoding":"chunked"}
[info] +  database: required API firebasedatabase.googleapis.com is enabled 
[info] 
[debug] [2021-06-25T03:43:36.447Z] >>> HTTP REQUEST GET https://firebasedatabase.googleapis.com/v1beta/projects/let-me-ask-d2ef1/locations/-/instances/let-me-ask-d2ef1-default-rtdb  
 
[debug] [2021-06-25T03:43:37.763Z] <<< HTTP RESPONSE 200 {"content-type":"application/json; charset=UTF-8","vary":"X-Origin, Referer, Origin,Accept-Encoding","date":"Fri, 25 Jun 2021 03:43:37 GMT","server":"ESF","cache-control":"private","x-xss-protection":"0","x-frame-options":"SAMEORIGIN","x-content-type-options":"nosniff","alt-svc":"h3=\":443\"; ma=2592000,h3-29=\":443\"; ma=2592000,h3-T051=\":443\"; ma=2592000,h3-Q050=\":443\"; ma=2592000,h3-Q046=\":443\"; ma=2592000,h3-Q043=\":443\"; ma=2592000,quic=\":443\"; ma=2592000; v=\"46,43\"","accept-ranges":"none","transfer-encoding":"chunked"}
[info] 
[info] Firebase Realtime Database Security Rules allow you to define how your data should be
[info] structured and when your data can be read from and written to.
[info] 
[debug] [2021-06-25T03:43:44.414Z] >>> HTTP REQUEST GET https://let-me-ask-d2ef1-default-rtdb.firebaseio.com/.settings/rules.json  
 
[debug] [2021-06-25T03:43:45.077Z] <<< HTTP RESPONSE 200 {"server":"nginx","date":"Fri, 25 Jun 2021 03:43:44 GMT","content-type":"application/json; charset=utf-8","content-length":"571","connection":"keep-alive","access-control-allow-origin":"*","cache-control":"no-cache","strict-transport-security":"max-age=31556926; includeSubDomains; preload"}
[info] +  Database Rules for let-me-ask-d2ef1-default-rtdb have been written to database.rules.json. 
[info] Future modifications to database.rules.json will update Realtime Database Security Rules when you run
[info] firebase deploy.
[info] 
=== Hosting:github Setup
[info] 
[info] i  Detected a .git folder at C:\Users\Hub_2\Desktop\letmeask 
[info] i  Authorizing with GitHub to upload your service account to a GitHub repository's secrets store. 
[info] 
[info] Visit this URL on this device to log in:
[info] https://github.com/login/oauth/authorize?client_id=89cf50f02ac6aaed3484&state=137617141&redirect_uri=http%3A%2F%2Flocalhost%3A9005&scope=read%3Auser%20repo%20public_repo
[info] 
[info] Waiting for authentication...
[debug] [2021-06-25T03:44:49.936Z] >>> HTTP REQUEST POST https://github.com/login/oauth/access_token  
 {"client_id":"89cf50f02ac6aaed3484","client_secret":"3330d14abc895d9a74d5f17cd7a00711fa2c5bf0","code":"4520004be4aa22974634","redirect_uri":"http://localhost:9005","state":"137617141"}
[debug] [2021-06-25T03:44:50.423Z] <<< HTTP RESPONSE 200 {"server":"GitHub.com","date":"Fri, 25 Jun 2021 03:44:50 GMT","content-type":"application/json; charset=utf-8","transfer-encoding":"chunked","vary":"X-PJAX, Accept-Encoding, Accept, X-Requested-With","permissions-policy":"interest-cohort=()","etag":"W/\"35f26521328efdad3052f2c72754a98c\"","cache-control":"max-age=0, private, must-revalidate","strict-transport-security":"max-age=31536000; includeSubdomains; preload","x-frame-options":"deny","x-content-type-options":"nosniff","x-xss-protection":"0","referrer-policy":"origin-when-cross-origin, strict-origin-when-cross-origin","expect-ct":"max-age=2592000, report-uri=\"https://api.github.com/_private/browser/errors\"","content-security-policy":"default-src 'none'; base-uri 'self'; block-all-mixed-content; connect-src 'self' uploads.github.com www.githubstatus.com collector.githubapp.com api.github.com github-cloud.s3.amazonaws.com github-production-repository-file-5c1aeb.s3.amazonaws.com github-production-upload-manifest-file-7fdce7.s3.amazonaws.com github-production-user-asset-6210df.s3.amazonaws.com cdn.optimizely.com logx.optimizely.com/v1/events translator.github.com wss://alive.github.com; font-src github.githubassets.com; form-action 'self' github.com gist.github.com; frame-ancestors 'none'; frame-src render.githubusercontent.com render-temp.githubusercontent.com viewscreen.githubusercontent.com; img-src 'self' data: github.githubassets.com identicons.github.com collector.githubapp.com github-cloud.s3.amazonaws.com secured-user-images.githubusercontent.com/ *.githubusercontent.com; manifest-src 'self'; media-src 'none'; script-src github.githubassets.com; style-src 'unsafe-inline' github.githubassets.com; worker-src github.com/socket-worker-3f088aa2.js gist.github.com/socket-worker-3f088aa2.js","x-github-request-id":"DDB7:57EF:1FD960F:2C4E6E4:60D55131"}
[debug] [2021-06-25T03:44:50.429Z] >>> [apiv2][query] GET https://api.github.com/user [none]
[debug] [2021-06-25T03:44:50.948Z] <<< [apiv2][status] GET https://api.github.com/user 200
[debug] [2021-06-25T03:44:50.949Z] <<< [apiv2][body] GET https://api.github.com/user {"login":"HuberthVladimir","id":44384037,"node_id":"MDQ6VXNlcjQ0Mzg0MDM3","avatar_url":"https://avatars.githubusercontent.com/u/44384037?v=4","gravatar_id":"","url":"https://api.github.com/users/HuberthVladimir","html_url":"https://github.com/HuberthVladimir","followers_url":"https://api.github.com/users/HuberthVladimir/followers","following_url":"https://api.github.com/users/HuberthVladimir/following{/other_user}","gists_url":"https://api.github.com/users/HuberthVladimir/gists{/gist_id}","starred_url":"https://api.github.com/users/HuberthVladimir/starred{/owner}{/repo}","subscriptions_url":"https://api.github.com/users/HuberthVladimir/subscriptions","organizations_url":"https://api.github.com/users/HuberthVladimir/orgs","repos_url":"https://api.github.com/users/HuberthVladimir/repos","events_url":"https://api.github.com/users/HuberthVladimir/events{/privacy}","received_events_url":"https://api.github.com/users/HuberthVladimir/received_events","type":"User","site_admin":false,"name":"Huberth","company":null,"blog":"","location":"Montes Claros, MG - Brazil","email":"VladimirHuberth@hotmail.com","hireable":null,"bio":null,"twitter_username":null,"public_repos":7,"public_gists":0,"followers":0,"following":1,"created_at":"2018-10-22T23:59:16Z","updated_at":"2021-06-25T03:44:49Z","private_gists":0,"total_private_repos":0,"owned_private_repos":0,"disk_usage":31831,"collaborators":0,"two_factor_authentication":false,"plan":{"name":"free","space":976562499,"collaborators":0,"private_repos":10000}}
[info] 
[info] +  Success! Logged into GitHub as HuberthVladimir 
[info] 
[debug] [2021-06-25T03:45:13.362Z] >>> [apiv2][query] GET https://api.github.com/repos/n/actions/secrets/public-key type=owner
[debug] [2021-06-25T03:45:13.811Z] <<< [apiv2][status] GET https://api.github.com/repos/n/actions/secrets/public-key 404
[debug] [2021-06-25T03:45:13.812Z] <<< [apiv2][body] GET https://api.github.com/repos/n/actions/secrets/public-key {"message":"Not Found","documentation_url":"https://docs.github.com/rest"}
[debug] [2021-06-25T03:45:46.736Z] >>> [apiv2][query] GET https://api.github.com/repos//actions/secrets/public-key type=owner
[debug] [2021-06-25T03:45:47.188Z] <<< [apiv2][status] GET https://api.github.com/repos//actions/secrets/public-key 404
[debug] [2021-06-25T03:45:47.188Z] <<< [apiv2][body] GET https://api.github.com/repos//actions/secrets/public-key {"message":"Not Found","documentation_url":"https://docs.github.com/rest"}
[debug] [2021-06-25T03:45:54.008Z] >>> [apiv2][query] GET https://api.github.com/repos/user/repository/actions/secrets/public-key type=owner
[debug] [2021-06-25T03:45:54.515Z] <<< [apiv2][status] GET https://api.github.com/repos/user/repository/actions/secrets/public-key 404
[debug] [2021-06-25T03:45:54.515Z] <<< [apiv2][body] GET https://api.github.com/repos/user/repository/actions/secrets/public-key {"message":"Not Found","documentation_url":"https://docs.github.com/rest/reference/actions#get-a-repository-public-key"}
